<?xml version="1.0" encoding="UTF-8"?>
<!-- Generated by org.testng.reporters.JUnitReportReporter -->
<testsuite hostname="LAPTOP-POGUVL90" failures="0" tests="3" name="testNG_keywordstudy.enabled_use" time="0.008" errors="0" timestamp="2022-03-21T16:02:37 IST" skipped="1">
  <testcase classname="testNG_keywordstudy.enabled_use" name="c" time="0.001"/>
  <system-out>
    <![CDATA[running c method]]>
  </system-out>
  <testcase classname="testNG_keywordstudy.enabled_use" name="a" time="0.007"/>
  <system-out>
    <![CDATA[running a method]]>
  </system-out>
  <testcase classname="testNG_keywordstudy.enabled_use" name="b">
    <skipped/>
  </testcase> <!-- b -->
  <system-out/>
</testsuite> <!-- testNG_keywordstudy.enabled_use -->
