<?xml version="1.0" encoding="UTF-8"?>
<!-- Generated by org.testng.reporters.JUnitReportReporter -->
<testsuite hostname="LAPTOP-POGUVL90" failures="0" tests="3" name="testNG_keywordstudy.dependon_use1" time="0.009" errors="0" timestamp="2022-03-21T20:33:51 IST" skipped="0">
  <testcase classname="testNG_keywordstudy.dependon_use1" name="a" time="0.001"/>
  <system-out>
    <![CDATA[running a method]]>
  </system-out>
  <testcase classname="testNG_keywordstudy.dependon_use1" name="b" time="0.007"/>
  <system-out>
    <![CDATA[running b method]]>
  </system-out>
  <testcase classname="testNG_keywordstudy.dependon_use1" name="c" time="0.001"/>
  <system-out>
    <![CDATA[running c method]]>
  </system-out>
</testsuite> <!-- testNG_keywordstudy.dependon_use1 -->
