<?xml version="1.0" encoding="UTF-8"?>
<!-- Generated by org.testng.reporters.JUnitReportReporter -->
<testsuite hostname="LAPTOP-POGUVL90" failures="0" tests="1" name="kiteAppTestClasses.kitepasswordErrorMsg" time="0.375" errors="0" timestamp="2022-03-31T13:02:56 IST" skipped="0">
  <testcase classname="kiteAppTestClasses.kitepasswordErrorMsg" name="validatePasswordErrorMsg" time="0.375"/>
  <system-out>
    <![CDATA[screenshot taken for TC 2
password error message validate ]]>
  </system-out>
</testsuite> <!-- kiteAppTestClasses.kitepasswordErrorMsg -->
