<?xml version="1.0" encoding="UTF-8"?>
<!-- Generated by org.testng.reporters.JUnitReportReporter -->
<testsuite hostname="LAPTOP-POGUVL90" failures="0" tests="1" name="kitePOMtestNG.KitetestusingTestNG" time="3.410" errors="0" timestamp="2022-03-25T13:00:36 IST" skipped="0">
  <testcase classname="kitePOMtestNG.KitetestusingTestNG" name="validateUserID" time="3.410"/>
  <system-out>
    <![CDATA[validating the userid
userid validate succesfully, TC is passed]]>
  </system-out>
</testsuite> <!-- kitePOMtestNG.KitetestusingTestNG -->
