<?xml version="1.0" encoding="UTF-8"?>
<!-- Generated by org.testng.reporters.JUnitReportReporter -->
<testsuite hostname="LAPTOP-POGUVL90" failures="0" tests="2" name="testNGxmlstudy.Myxmlclass" time="0.002" errors="0" timestamp="2022-03-22T12:12:48 IST" skipped="0">
  <testcase classname="testNGxmlstudy.Myxmlclass" name="TC5" time="0.002"/>
  <system-out>
    <![CDATA[Running TC5]]>
  </system-out>
  <testcase classname="testNGxmlstudy.Myxmlclass" name="TC4" time="0.000"/>
  <system-out>
    <![CDATA[Running TC4]]>
  </system-out>
</testsuite> <!-- testNGxmlstudy.Myxmlclass -->
