<?xml version="1.0" encoding="UTF-8"?>
<!-- Generated by org.testng.reporters.JUnitReportReporter -->
<testsuite hostname="LAPTOP-POGUVL90" failures="0" tests="3" name="testNGxmlstudy.myxmlclass1" time="0.010" errors="0" timestamp="2022-03-22T12:12:48 IST" skipped="0">
  <testcase classname="testNGxmlstudy.myxmlclass1" name="TC8" time="0.001"/>
  <system-out>
    <![CDATA[Running TC8]]>
  </system-out>
  <testcase classname="testNGxmlstudy.myxmlclass1" name="TC6" time="0.001"/>
  <system-out>
    <![CDATA[Running TC6]]>
  </system-out>
  <testcase classname="testNGxmlstudy.myxmlclass1" name="TC10" time="0.008"/>
  <system-out>
    <![CDATA[Running TC10]]>
  </system-out>
</testsuite> <!-- testNGxmlstudy.myxmlclass1 -->
