<?xml version="1.0" encoding="UTF-8"?>
<!-- Generated by org.testng.reporters.JUnitReportReporter -->
<testsuite hostname="LAPTOP-POGUVL90" failures="0" tests="1" name="kiteAppTestClasses.KiteUserNameErrorMsg" time="0.917" errors="0" timestamp="2022-03-31T13:02:56 IST" skipped="0">
  <testcase classname="kiteAppTestClasses.KiteUserNameErrorMsg" name="validationOfUserIDErrorMsg" time="0.917"/>
  <system-out>
    <![CDATA[screenshot taken for TC 3
userIderror message validate successfully]]>
  </system-out>
</testsuite> <!-- kiteAppTestClasses.KiteUserNameErrorMsg -->
