<?xml version="1.0" encoding="UTF-8"?>
<!-- Generated by org.testng.reporters.JUnitReportReporter -->
<testsuite hostname="LAPTOP-POGUVL90" failures="0" tests="1" name="serialeandparallelxecutionitestNG.serialandparallel2" time="5.354" errors="0" timestamp="2022-03-23T22:54:31 IST" skipped="0">
  <testcase classname="serialeandparallelxecutionitestNG.serialandparallel2" name="mymethod1" time="5.354"/>
  <system-out/>
</testsuite> <!-- serialeandparallelxecutionitestNG.serialandparallel2 -->
