<?xml version="1.0" encoding="UTF-8"?>
<!-- Generated by org.testng.reporters.JUnitReportReporter -->
<testsuite hostname="LAPTOP-POGUVL90" failures="0" tests="2" name="groupinginTestNG.TestNGgrouping_study" time="0.008" errors="0" timestamp="2022-04-06T16:44:35 IST" skipped="0">
  <testcase classname="groupinginTestNG.TestNGgrouping_study" name="TC1" time="0.007"/>
  <system-out>
    <![CDATA[Running TC1]]>
  </system-out>
  <testcase classname="groupinginTestNG.TestNGgrouping_study" name="TC4" time="0.001"/>
  <system-out>
    <![CDATA[Running TC4]]>
  </system-out>
</testsuite> <!-- groupinginTestNG.TestNGgrouping_study -->
