<?xml version="1.0" encoding="UTF-8"?>
<!-- Generated by org.testng.reporters.JUnitReportReporter -->
<testsuite hostname="LAPTOP-POGUVL90" failures="0" tests="1" name="serialeandparallel.serialandparallel2" time="4.222" errors="0" timestamp="2022-03-23T22:57:26 IST" skipped="0">
  <testcase classname="serialeandparallel.serialandparallel2" name="mymethod1" time="4.222"/>
  <system-out/>
</testsuite> <!-- serialeandparallel.serialandparallel2 -->
