<?xml version="1.0" encoding="UTF-8"?>
<!-- Generated by org.testng.reporters.JUnitReportReporter -->
<testsuite hostname="LAPTOP-POGUVL90" failures="0" tests="1" name="kitePOMtestNG.demoditetestNG" time="2.208" errors="0" timestamp="2022-03-29T12:39:10 IST" skipped="0">
  <testcase classname="kitePOMtestNG.demoditetestNG" name="loginInDemoSite" time="2.208"/>
  <system-out/>
</testsuite> <!-- kitePOMtestNG.demoditetestNG -->
