<?xml version="1.0" encoding="UTF-8"?>
<!-- Generated by org.testng.reporters.JUnitReportReporter -->
<testsuite hostname="LAPTOP-POGUVL90" failures="0" tests="3" name="testNG_study.TestNG_test3" time="26.552" errors="0" timestamp="2022-03-19T21:30:37 IST" skipped="0">
  <testcase classname="testNG_study.TestNG_test3" name="mymp3" time="15.855"/>
  <system-out/>
  <testcase classname="testNG_study.TestNG_test3" name="google" time="2.881"/>
  <system-out/>
  <testcase classname="testNG_study.TestNG_test3" name="vctc" time="7.816"/>
  <system-out>
    <![CDATA[https://vctcpune.com/]]>
  </system-out>
</testsuite> <!-- testNG_study.TestNG_test3 -->
