<?xml version="1.0" encoding="UTF-8"?>
<!-- Generated by org.testng.reporters.JUnitReportReporter -->
<testsuite hostname="LAPTOP-POGUVL90" failures="0" tests="3" name="softassert.allmethods" time="0.009" errors="0" timestamp="2022-03-24T22:06:42 IST" skipped="0">
  <testcase classname="softassert.allmethods" name="assertTrueFalse" time="0.002"/>
  <system-out/>
  <testcase classname="softassert.allmethods" name="assertequals" time="0.001"/>
  <system-out/>
  <testcase classname="softassert.allmethods" name="assertNullAndNotNull" time="0.006"/>
  <system-out/>
</testsuite> <!-- softassert.allmethods -->
