<?xml version="1.0" encoding="UTF-8"?>
<!-- Generated by org.testng.reporters.JUnitReportReporter -->
<testsuite hostname="LAPTOP-POGUVL90" failures="0" tests="3" name="testNG_keywordstudy.priorityuse" time="0.012" errors="0" timestamp="2022-03-21T15:33:22 IST" skipped="0">
  <testcase classname="testNG_keywordstudy.priorityuse" name="c" time="0.010"/>
  <system-out>
    <![CDATA[running second method]]>
  </system-out>
  <testcase classname="testNG_keywordstudy.priorityuse" name="a" time="0.001"/>
  <system-out>
    <![CDATA[running first method]]>
  </system-out>
  <testcase classname="testNG_keywordstudy.priorityuse" name="b" time="0.001"/>
  <system-out>
    <![CDATA[running third method]]>
  </system-out>
</testsuite> <!-- testNG_keywordstudy.priorityuse -->
