<?xml version="1.0" encoding="UTF-8"?>
<!-- Generated by org.testng.reporters.JUnitReportReporter -->
<testsuite hostname="LAPTOP-POGUVL90" failures="0" tests="3" name="testNG_study.TestNG_Annotation" time="0.004" errors="0" timestamp="2022-03-21T15:17:31 IST" skipped="0">
  <testcase classname="testNG_study.TestNG_Annotation" name="first" time="0.003"/>
  <system-out>
    <![CDATA[running first method]]>
  </system-out>
  <testcase classname="testNG_study.TestNG_Annotation" name="third" time="0.000"/>
  <system-out>
    <![CDATA[running third method]]>
  </system-out>
  <testcase classname="testNG_study.TestNG_Annotation" name="second" time="0.001"/>
  <system-out>
    <![CDATA[running second method]]>
  </system-out>
</testsuite> <!-- testNG_study.TestNG_Annotation -->
