<?xml version="1.0" encoding="UTF-8"?>
<!-- Generated by org.testng.reporters.JUnitReportReporter -->
<testsuite hostname="LAPTOP-POGUVL90" failures="0" tests="1" name="failedinTestNG.Failedclass1" time="0.121" errors="0" timestamp="2022-03-27T09:47:24 IST" skipped="0">
  <testcase classname="failedinTestNG.Failedclass1" name="TC2" time="0.121"/>
  <system-out>
    <![CDATA[Running TC2]]>
  </system-out>
</testsuite> <!-- failedinTestNG.Failedclass1 -->
