<?xml version="1.0" encoding="UTF-8"?>
<!-- Generated by org.testng.reporters.JUnitReportReporter -->
<testsuite hostname="LAPTOP-POGUVL90" failures="0" tests="3" name="testNG_keywordstudy.Intercount" time="0.015" errors="0" timestamp="2022-03-21T15:27:42 IST" skipped="0">
  <testcase classname="testNG_keywordstudy.Intercount" name="first" time="0.005"/>
  <system-out>
    <![CDATA[Running first method]]>
  </system-out>
  <testcase classname="testNG_keywordstudy.Intercount" name="first" time="0.007"/>
  <system-out>
    <![CDATA[Running first method]]>
  </system-out>
  <testcase classname="testNG_keywordstudy.Intercount" name="first" time="0.003"/>
  <system-out>
    <![CDATA[Running first method]]>
  </system-out>
</testsuite> <!-- testNG_keywordstudy.Intercount -->
