<?xml version="1.0" encoding="UTF-8"?>
<!-- Generated by org.testng.reporters.JUnitReportReporter -->
<testsuite hostname="LAPTOP-POGUVL90" failures="0" tests="1" name="kitePOMtestNG.KitetestusingTestNG1" time="3.365" errors="0" timestamp="2022-03-27T09:17:00 IST" skipped="0">
  <testcase classname="kitePOMtestNG.KitetestusingTestNG1" name="validateUserID" time="3.365"/>
  <system-out>
    <![CDATA[validating the userid
validate userid successfully]]>
  </system-out>
</testsuite> <!-- kitePOMtestNG.KitetestusingTestNG1 -->
