<?xml version="1.0" encoding="UTF-8"?>
<!-- Generated by org.testng.reporters.JUnitReportReporter -->
<testsuite hostname="LAPTOP-POGUVL90" failures="0" tests="1" name="serialeandparallel.serialandparallel" time="3.626" errors="0" timestamp="2022-03-23T22:57:26 IST" skipped="0">
  <testcase classname="serialeandparallel.serialandparallel" name="mymethod1" time="3.626"/>
  <system-out/>
</testsuite> <!-- serialeandparallel.serialandparallel -->
