<?xml version="1.0" encoding="UTF-8"?>
<!-- Generated by org.testng.reporters.JUnitReportReporter -->
<testsuite hostname="LAPTOP-POGUVL90" failures="0" tests="1" name="serialeandparallelxecutionitestNG.serialandparallel" time="4.335" errors="0" timestamp="2022-03-23T22:54:31 IST" skipped="0">
  <testcase classname="serialeandparallelxecutionitestNG.serialandparallel" name="mymethod1" time="4.335"/>
  <system-out/>
</testsuite> <!-- serialeandparallelxecutionitestNG.serialandparallel -->
