<?xml version="1.0" encoding="UTF-8"?>
<!-- Generated by org.testng.reporters.JUnitReportReporter -->
<testsuite hostname="LAPTOP-POGUVL90" failures="0" tests="2" name="kitePOMtestNG.crossbrowsertestingofkiteapp1" time="8.047" errors="0" timestamp="2022-03-27T09:32:37 IST" skipped="0">
  <testcase classname="kitePOMtestNG.crossbrowsertestingofkiteapp1" name="validateUserID" time="3.884"/>
  <system-out>
    <![CDATA[validating the userid
validate userid successfully]]>
  </system-out>
  <testcase classname="kitePOMtestNG.crossbrowsertestingofkiteapp1" name="validateUserID" time="4.163"/>
  <system-out>
    <![CDATA[validating the userid
validate userid successfully]]>
  </system-out>
</testsuite> <!-- kitePOMtestNG.crossbrowsertestingofkiteapp1 -->
