<?xml version="1.0" encoding="UTF-8"?>
<!-- Generated by org.testng.reporters.JUnitReportReporter -->
<testsuite hostname="LAPTOP-POGUVL90" failures="0" tests="2" name="kitePOMtestNG.crossbrowsertestingofkiteapp" time="7.664" errors="0" timestamp="2022-03-25T13:33:33 IST" skipped="0">
  <testcase classname="kitePOMtestNG.crossbrowsertestingofkiteapp" name="validateUserID" time="4.161"/>
  <system-out>
    <![CDATA[validating the userid
userid validate succesfully, TC is passed]]>
  </system-out>
  <testcase classname="kitePOMtestNG.crossbrowsertestingofkiteapp" name="validateUserID" time="3.503"/>
  <system-out>
    <![CDATA[validating the userid
userid validate succesfully, TC is passed]]>
  </system-out>
</testsuite> <!-- kitePOMtestNG.crossbrowsertestingofkiteapp -->
