<?xml version="1.0" encoding="UTF-8"?>
<!-- Generated by org.testng.reporters.JUnitReportReporter -->
<testsuite hostname="LAPTOP-POGUVL90" failures="0" tests="1" name="kiteAppTestClasses.kiteAppUserNameValidationUsingPropertyFile" time="2.991" errors="0" timestamp="2022-03-31T13:16:10 IST" skipped="0">
  <testcase classname="kiteAppTestClasses.kiteAppUserNameValidationUsingPropertyFile" name="validationOfUserID" time="2.991"/>
  <system-out>
    <![CDATA[screenshot taken for TC 10
TC is passed]]>
  </system-out>
</testsuite> <!-- kiteAppTestClasses.kiteAppUserNameValidationUsingPropertyFile -->
