<?xml version="1.0" encoding="UTF-8"?>
<!-- Generated by org.testng.reporters.JUnitReportReporter -->
<testsuite hostname="LAPTOP-POGUVL90" failures="0" tests="2" name="testNG_study.TestNG_test2" time="0.008" errors="0" timestamp="2022-03-18T17:47:46 IST" skipped="0">
  <testcase classname="testNG_study.TestNG_test2" name="f1" time="0.001"/>
  <system-out>
    <![CDATA[welcome to testNG2]]>
  </system-out>
  <testcase classname="testNG_study.TestNG_test2" name="f" time="0.007"/>
  <system-out/>
</testsuite> <!-- testNG_study.TestNG_test2 -->
