<?xml version="1.0" encoding="UTF-8"?>
<!-- Generated by org.testng.reporters.JUnitReportReporter -->
<testsuite hostname="LAPTOP-POGUVL90" failures="0" tests="4" name="testNG_study.TestNG_test1" time="13.542" errors="0" timestamp="2022-03-18T18:02:33 IST" skipped="0">
  <testcase classname="testNG_study.TestNG_test1" name="f1" time="6.923"/>
  <system-out/>
  <testcase classname="testNG_study.TestNG_test1" name="f3" time="2.070"/>
  <system-out/>
  <testcase classname="testNG_study.TestNG_test1" name="f" time="3.046"/>
  <system-out/>
  <testcase classname="testNG_study.TestNG_test1" name="f2" time="1.503"/>
  <system-out/>
</testsuite> <!-- testNG_study.TestNG_test1 -->
