<?xml version="1.0" encoding="UTF-8"?>
<!-- Generated by org.testng.reporters.JUnitReportReporter -->
<testsuite hostname="LAPTOP-POGUVL90" failures="0" tests="1" name="kiteAppTestClasses.KiteUserNameValidation" time="3.398" errors="0" timestamp="2022-03-31T13:02:56 IST" skipped="0">
  <testcase classname="kiteAppTestClasses.KiteUserNameValidation" name="validateUserName" time="3.398"/>
  <system-out>
    <![CDATA[screenshot taken for TC 1
validate Username successfully]]>
  </system-out>
</testsuite> <!-- kiteAppTestClasses.KiteUserNameValidation -->
